#
# There is insufficient memory for the Java Runtime Environment to continue.
# Native memory allocation (mmap) failed to map 41943040 bytes for committing reserved memory.
# Possible reasons:
#   The system is out of physical RAM or swap space
#   In 32 bit mode, the process size limit was hit
# Possible solutions:
#   Reduce memory load on the system
#   Increase physical memory or swap space
#   Check if swap backing store is full
#   Use 64 bit Java on a 64 bit OS
#   Decrease Java heap size (-Xmx/-Xms)
#   Decrease number of Java threads
#   Decrease Java thread stack sizes (-Xss)
#   Set larger code cache with -XX:ReservedCodeCacheSize=
# This output file may be truncated or incomplete.
#
#  Out of Memory Error (os_linux.cpp:2651), pid=29725, tid=0x00007f9a9337e700
#
# JRE version:  (8.0_141-b16) (build )
# Java VM: OpenJDK 64-Bit Server VM (25.141-b16 mixed mode linux-amd64 compressed oops)
# Core dump written. Default location: /home/tyler/NetBeansProjects/webapp/service/core or core.29725
#

---------------  T H R E A D  ---------------

Current thread (0x00007f9a8c00a000):  JavaThread "Unknown thread" [_thread_in_vm, id=29729, stack(0x00007f9a9327e000,0x00007f9a9337f000)]

Stack: [0x00007f9a9327e000,0x00007f9a9337f000],  sp=0x00007f9a9337d610,  free space=1021k
Native frames: (J=compiled Java code, j=interpreted, Vv=VM code, C=native code)
V  [libjvm.so+0xb5a582]
V  [libjvm.so+0x4f7eb7]
V  [libjvm.so+0x91a420]
V  [libjvm.so+0x91498e]
V  [libjvm.so+0x997126]
V  [libjvm.so+0x9867dc]
V  [libjvm.so+0x2cf09e]
V  [libjvm.so+0x942951]
V  [libjvm.so+0xb1c90a]
V  [libjvm.so+0xb1cc15]
V  [libjvm.so+0x64897f]
V  [libjvm.so+0xaff80b]
V  [libjvm.so+0x6d62c1]  JNI_CreateJavaVM+0x61
C  [libjli.so+0x2b53]
C  [libpthread.so.0+0x736d]  start_thread+0xdd


---------------  P R O C E S S  ---------------

Java Threads: ( => current thread )

Other Threads:

=>0x00007f9a8c00a000 (exited) JavaThread "Unknown thread" [_thread_in_vm, id=29729, stack(0x00007f9a9327e000,0x00007f9a9337f000)]

VM state:not at safepoint (not fully initialized)

VM Mutex/Monitor currently owned by a thread: None

GC Heap History (0 events):
No events

Deoptimization events (0 events):
No events

Internal exceptions (0 events):
No events

Events (0 events):
No events


Dynamic libraries:
c7800000-ec580000 ---p 00000000 00:00 0 
ec580000-ed980000 rw-p 00000000 00:00 0 
ed980000-100000000 ---p 00000000 00:00 0 
556293bb0000-556293bb1000 r-xp 00000000 fd:00 300049                     /usr/lib/jvm/java-1.8.0-openjdk-1.8.0.141-1.b16.fc26.x86_64/jre/bin/java
556293db0000-556293db1000 r--p 00000000 fd:00 300049                     /usr/lib/jvm/java-1.8.0-openjdk-1.8.0.141-1.b16.fc26.x86_64/jre/bin/java
556293db1000-556293db2000 rw-p 00001000 fd:00 300049                     /usr/lib/jvm/java-1.8.0-openjdk-1.8.0.141-1.b16.fc26.x86_64/jre/bin/java
5562950bc000-5562950dd000 rw-p 00000000 00:00 0                          [heap]
7f9a7c43b000-7f9a7c445000 rw-p 00000000 00:00 0 
7f9a7c445000-7f9a7c7fb000 ---p 00000000 00:00 0 
7f9a7c7fb000-7f9a7ca6b000 rwxp 00000000 00:00 0 
7f9a7ca6b000-7f9a8b7fb000 ---p 00000000 00:00 0 
7f9a8b7fb000-7f9a8c000000 r--s 00000000 fd:00 282081                     /var/lib/sss/mc/passwd
7f9a8c000000-7f9a8c033000 rw-p 00000000 00:00 0 
7f9a8c033000-7f9a90000000 ---p 00000000 00:00 0 
7f9a9002f000-7f9a90169000 ---p 00000000 00:00 0 
7f9a90169000-7f9a90174000 rw-p 00000000 00:00 0 
7f9a90174000-7f9a90207000 ---p 00000000 00:00 0 
7f9a90207000-7f9a90208000 rw-p 00000000 00:00 0 
7f9a90208000-7f9a90210000 r-xp 00000000 fd:00 300093                     /usr/lib/jvm/java-1.8.0-openjdk-1.8.0.141-1.b16.fc26.x86_64/jre/lib/amd64/libzip.so
7f9a90210000-7f9a9040f000 ---p 00008000 fd:00 300093                     /usr/lib/jvm/java-1.8.0-openjdk-1.8.0.141-1.b16.fc26.x86_64/jre/lib/amd64/libzip.so
7f9a9040f000-7f9a90410000 r--p 00007000 fd:00 300093                     /usr/lib/jvm/java-1.8.0-openjdk-1.8.0.141-1.b16.fc26.x86_64/jre/lib/amd64/libzip.so
7f9a90410000-7f9a90411000 rw-p 00000000 00:00 0 
7f9a90411000-7f9a90419000 r-xp 00000000 fd:00 659858                     /usr/lib64/libnss_sss.so.2
7f9a90419000-7f9a90618000 ---p 00008000 fd:00 659858                     /usr/lib64/libnss_sss.so.2
7f9a90618000-7f9a90619000 r--p 00007000 fd:00 659858                     /usr/lib64/libnss_sss.so.2
7f9a90619000-7f9a9061a000 rw-p 00008000 fd:00 659858                     /usr/lib64/libnss_sss.so.2
7f9a9061a000-7f9a90648000 r-xp 00000000 fd:00 300075                     /usr/lib/jvm/java-1.8.0-openjdk-1.8.0.141-1.b16.fc26.x86_64/jre/lib/amd64/libjava.so
7f9a90648000-7f9a90847000 ---p 0002e000 fd:00 300075                     /usr/lib/jvm/java-1.8.0-openjdk-1.8.0.141-1.b16.fc26.x86_64/jre/lib/amd64/libjava.so
7f9a90847000-7f9a90848000 r--p 0002d000 fd:00 300075                     /usr/lib/jvm/java-1.8.0-openjdk-1.8.0.141-1.b16.fc26.x86_64/jre/lib/amd64/libjava.so
7f9a90848000-7f9a90849000 rw-p 0002e000 fd:00 300075                     /usr/lib/jvm/java-1.8.0-openjdk-1.8.0.141-1.b16.fc26.x86_64/jre/lib/amd64/libjava.so
7f9a90849000-7f9a9084a000 rw-p 00000000 00:00 0 
7f9a9084a000-7f9a90857000 r-xp 00000000 fd:00 300092                     /usr/lib/jvm/java-1.8.0-openjdk-1.8.0.141-1.b16.fc26.x86_64/jre/lib/amd64/libverify.so
7f9a90857000-7f9a90a56000 ---p 0000d000 fd:00 300092                     /usr/lib/jvm/java-1.8.0-openjdk-1.8.0.141-1.b16.fc26.x86_64/jre/lib/amd64/libverify.so
7f9a90a56000-7f9a90a58000 r--p 0000c000 fd:00 300092                     /usr/lib/jvm/java-1.8.0-openjdk-1.8.0.141-1.b16.fc26.x86_64/jre/lib/amd64/libverify.so
7f9a90a58000-7f9a90a59000 rw-p 00000000 00:00 0 
7f9a90a59000-7f9a90a60000 r-xp 00000000 fd:00 662961                     /usr/lib64/librt-2.25.so
7f9a90a60000-7f9a90c5f000 ---p 00007000 fd:00 662961                     /usr/lib64/librt-2.25.so
7f9a90c5f000-7f9a90c60000 r--p 00006000 fd:00 662961                     /usr/lib64/librt-2.25.so
7f9a90c60000-7f9a90c61000 rw-p 00007000 fd:00 662961                     /usr/lib64/librt-2.25.so
7f9a90c61000-7f9a90c77000 r-xp 00000000 fd:00 663936                     /usr/lib64/libgcc_s-7-20170622.so.1
7f9a90c77000-7f9a90e76000 ---p 00016000 fd:00 663936                     /usr/lib64/libgcc_s-7-20170622.so.1
7f9a90e76000-7f9a90e77000 r--p 00015000 fd:00 663936                     /usr/lib64/libgcc_s-7-20170622.so.1
7f9a90e77000-7f9a90e78000 rw-p 00016000 fd:00 663936                     /usr/lib64/libgcc_s-7-20170622.so.1
7f9a90e78000-7f9a90f8d000 r-xp 00000000 fd:00 662474                     /usr/lib64/libm-2.25.so
7f9a90f8d000-7f9a9118c000 ---p 00115000 fd:00 662474                     /usr/lib64/libm-2.25.so
7f9a9118c000-7f9a9118d000 r--p 00114000 fd:00 662474                     /usr/lib64/libm-2.25.so
7f9a9118d000-7f9a9118e000 rw-p 00115000 fd:00 662474                     /usr/lib64/libm-2.25.so
7f9a9118e000-7f9a91308000 r-xp 00000000 fd:00 664470                     /usr/lib64/libstdc++.so.6.0.24
7f9a91308000-7f9a91507000 ---p 0017a000 fd:00 664470                     /usr/lib64/libstdc++.so.6.0.24
7f9a91507000-7f9a91511000 r--p 00179000 fd:00 664470                     /usr/lib64/libstdc++.so.6.0.24
7f9a91511000-7f9a91513000 rw-p 00183000 fd:00 664470                     /usr/lib64/libstdc++.so.6.0.24
7f9a91513000-7f9a91516000 rw-p 00000000 00:00 0 
7f9a91516000-7f9a9226d000 r-xp 00000000 fd:00 300097                     /usr/lib/jvm/java-1.8.0-openjdk-1.8.0.141-1.b16.fc26.x86_64/jre/lib/amd64/server/libjvm.so
7f9a9226d000-7f9a9246c000 ---p 00d57000 fd:00 300097                     /usr/lib/jvm/java-1.8.0-openjdk-1.8.0.141-1.b16.fc26.x86_64/jre/lib/amd64/server/libjvm.so
7f9a9246c000-7f9a92508000 r--p 00d56000 fd:00 300097                     /usr/lib/jvm/java-1.8.0-openjdk-1.8.0.141-1.b16.fc26.x86_64/jre/lib/amd64/server/libjvm.so
7f9a92508000-7f9a92531000 rw-p 00df2000 fd:00 300097                     /usr/lib/jvm/java-1.8.0-openjdk-1.8.0.141-1.b16.fc26.x86_64/jre/lib/amd64/server/libjvm.so
7f9a92531000-7f9a92561000 rw-p 00000000 00:00 0 
7f9a92561000-7f9a92728000 r-xp 00000000 fd:00 662307                     /usr/lib64/libc-2.25.so
7f9a92728000-7f9a92928000 ---p 001c7000 fd:00 662307                     /usr/lib64/libc-2.25.so
7f9a92928000-7f9a9292c000 r--p 001c7000 fd:00 662307                     /usr/lib64/libc-2.25.so
7f9a9292c000-7f9a9292e000 rw-p 001cb000 fd:00 662307                     /usr/lib64/libc-2.25.so
7f9a9292e000-7f9a92932000 rw-p 00000000 00:00 0 
7f9a92932000-7f9a92935000 r-xp 00000000 fd:00 662409                     /usr/lib64/libdl-2.25.so
7f9a92935000-7f9a92b34000 ---p 00003000 fd:00 662409                     /usr/lib64/libdl-2.25.so
7f9a92b34000-7f9a92b35000 r--p 00002000 fd:00 662409                     /usr/lib64/libdl-2.25.so
7f9a92b35000-7f9a92b36000 rw-p 00003000 fd:00 662409                     /usr/lib64/libdl-2.25.so
7f9a92b36000-7f9a92b44000 r-xp 00000000 fd:00 300062                     /usr/lib/jvm/java-1.8.0-openjdk-1.8.0.141-1.b16.fc26.x86_64/jre/lib/amd64/jli/libjli.so
7f9a92b44000-7f9a92d43000 ---p 0000e000 fd:00 300062                     /usr/lib/jvm/java-1.8.0-openjdk-1.8.0.141-1.b16.fc26.x86_64/jre/lib/amd64/jli/libjli.so
7f9a92d43000-7f9a92d44000 r--p 0000d000 fd:00 300062                     /usr/lib/jvm/java-1.8.0-openjdk-1.8.0.141-1.b16.fc26.x86_64/jre/lib/amd64/jli/libjli.so
7f9a92d44000-7f9a92d45000 rw-p 00000000 00:00 0 
7f9a92d45000-7f9a92d5b000 r-xp 00000000 fd:00 664658                     /usr/lib64/libz.so.1.2.11
7f9a92d5b000-7f9a92f5a000 ---p 00016000 fd:00 664658                     /usr/lib64/libz.so.1.2.11
7f9a92f5a000-7f9a92f5b000 r--p 00015000 fd:00 664658                     /usr/lib64/libz.so.1.2.11
7f9a92f5b000-7f9a92f5c000 rw-p 00000000 00:00 0 
7f9a92f5c000-7f9a92f75000 r-xp 00000000 fd:00 662861                     /usr/lib64/libpthread-2.25.so
7f9a92f75000-7f9a93175000 ---p 00019000 fd:00 662861                     /usr/lib64/libpthread-2.25.so
7f9a93175000-7f9a93176000 r--p 00019000 fd:00 662861                     /usr/lib64/libpthread-2.25.so
7f9a93176000-7f9a93177000 rw-p 0001a000 fd:00 662861                     /usr/lib64/libpthread-2.25.so
7f9a93177000-7f9a9317b000 rw-p 00000000 00:00 0 
7f9a9317b000-7f9a931a2000 r-xp 00000000 fd:00 654598                     /usr/lib64/ld-2.25.so
7f9a9327e000-7f9a93281000 ---p 00000000 00:00 0 
7f9a93281000-7f9a93384000 rw-p 00000000 00:00 0 
7f9a93395000-7f9a9339d000 rw-s 00000000 00:29 522860                     /tmp/hsperfdata_tyler/29725
7f9a9339d000-7f9a9339e000 rw-p 00000000 00:00 0 
7f9a9339e000-7f9a9339f000 r--p 00000000 00:00 0 
7f9a9339f000-7f9a933a1000 rw-p 00000000 00:00 0 
7f9a933a1000-7f9a933a2000 r--p 00026000 fd:00 654598                     /usr/lib64/ld-2.25.so
7f9a933a2000-7f9a933a4000 rw-p 00027000 fd:00 654598                     /usr/lib64/ld-2.25.so
7ffe53bb4000-7ffe53bd5000 rw-p 00000000 00:00 0                          [stack]
7ffe53bf1000-7ffe53bf3000 r--p 00000000 00:00 0                          [vvar]
7ffe53bf3000-7ffe53bf5000 r-xp 00000000 00:00 0                          [vdso]
ffffffffff600000-ffffffffff601000 r-xp 00000000 00:00 0                  [vsyscall]

VM Arguments:
jvm_args: -Djava.io.tmpdir=/home/tyler/temp 
java_command: /home/tyler/NetBeansProjects/webapp/service/target/surefire/surefirebooter6903491440129979316.jar /home/tyler/NetBeansProjects/webapp/service/target/surefire/surefire2999844808046770551tmp /home/tyler/NetBeansProjects/webapp/service/target/surefire/surefire_06568588947073161511tmp
java_class_path (initial): /home/tyler/NetBeansProjects/webapp/service/target/surefire/surefirebooter6903491440129979316.jar
Launcher Type: SUN_STANDARD

Environment Variables:
JAVA_HOME=/usr/lib/jvm/java-openjdk
_JAVA_OPTIONS=-Djava.io.tmpdir=/home/tyler/temp
PATH=/usr/lib64/qt-3.3/bin:/usr/local/bin:/usr/local/sbin:/usr/bin:/usr/sbin:/home/tyler/apache-maven-3.5.0/bin:/home/tyler/apache-tomcat-8.0.27/bin:/home/tyler/.local/bin:/home/tyler/bin
USERNAME=tyler
LD_LIBRARY_PATH=/usr/lib/jvm/java-openjdk/jre/lib/amd64:/usr/lib/jvm/java-openjdk/jre/lib/i386:
SHELL=/bin/bash
DISPLAY=:0

Signal Handlers:
SIGSEGV: [libjvm.so+0xb5aec0], sa_mask[0]=11111111011111111101111111111110, sa_flags=SA_RESTART|SA_SIGINFO
SIGBUS: [libjvm.so+0xb5aec0], sa_mask[0]=11111111011111111101111111111110, sa_flags=SA_RESTART|SA_SIGINFO
SIGFPE: [libjvm.so+0x915ac0], sa_mask[0]=11111111011111111101111111111110, sa_flags=SA_RESTART|SA_SIGINFO
SIGPIPE: [libjvm.so+0x915ac0], sa_mask[0]=11111111011111111101111111111110, sa_flags=SA_RESTART|SA_SIGINFO
SIGXFSZ: [libjvm.so+0x915ac0], sa_mask[0]=11111111011111111101111111111110, sa_flags=SA_RESTART|SA_SIGINFO
SIGILL: [libjvm.so+0x915ac0], sa_mask[0]=11111111011111111101111111111110, sa_flags=SA_RESTART|SA_SIGINFO
SIGUSR1: SIG_DFL, sa_mask[0]=00000000000000000000000000000000, sa_flags=none
SIGUSR2: [libjvm.so+0x915970], sa_mask[0]=00100000000000000000000000000000, sa_flags=SA_RESTART|SA_SIGINFO
SIGHUP: SIG_DFL, sa_mask[0]=00000000000000000000000000000000, sa_flags=none
SIGINT: SIG_IGN, sa_mask[0]=00000000000000000000000000000000, sa_flags=none
SIGTERM: SIG_DFL, sa_mask[0]=00000000000000000000000000000000, sa_flags=none
SIGQUIT: SIG_DFL, sa_mask[0]=00000000000000000000000000000000, sa_flags=none


---------------  S Y S T E M  ---------------

OS:Fedora release 26 (Twenty Six)

uname:Linux 4.11.11-300.fc26.x86_64 #1 SMP Mon Jul 17 16:32:11 UTC 2017 x86_64
libc:glibc 2.25 NPTL 2.25 
rlimit: STACK 8192k, CORE infinity, NPROC 14206, NOFILE 4096, AS infinity
load average:20.26 6.99 3.19

/proc/meminfo:
MemTotal:        3858708 kB
MemFree:           84380 kB
MemAvailable:       1852 kB
Buffers:             496 kB
Cached:           316092 kB
SwapCached:         1252 kB
Active:          2864996 kB
Inactive:         583048 kB
Active(anon):    2855428 kB
Inactive(anon):   571052 kB
Active(file):       9568 kB
Inactive(file):    11996 kB
Unevictable:        2424 kB
Mlocked:            2424 kB
SwapTotal:       2347004 kB
SwapFree:              0 kB
Dirty:                76 kB
Writeback:            20 kB
AnonPages:       3133816 kB
Mapped:            81860 kB
Shmem:            294588 kB
Slab:             131816 kB
SReclaimable:      49284 kB
SUnreclaim:        82532 kB
KernelStack:       18464 kB
PageTables:       102068 kB
NFS_Unstable:          0 kB
Bounce:                0 kB
WritebackTmp:          0 kB
CommitLimit:     4276356 kB
Committed_AS:   15014460 kB
VmallocTotal:   34359738367 kB
VmallocUsed:           0 kB
VmallocChunk:          0 kB
HardwareCorrupted:     0 kB
AnonHugePages:         0 kB
ShmemHugePages:        0 kB
ShmemPmdMapped:        0 kB
CmaTotal:              0 kB
CmaFree:               0 kB
HugePages_Total:       0
HugePages_Free:        0
HugePages_Rsvd:        0
HugePages_Surp:        0
Hugepagesize:       2048 kB
DirectMap4k:      239688 kB
DirectMap2M:     3768320 kB


CPU:total 4 (initial active 4) (2 cores per cpu, 2 threads per core) family 6 model 58 stepping 9, cmov, cx8, fxsr, mmx, sse, sse2, sse3, ssse3, sse4.1, sse4.2, popcnt, avx, aes, clmul, erms, ht, tsc, tscinvbit, tscinv

/proc/cpuinfo:
processor	: 0
vendor_id	: GenuineIntel
cpu family	: 6
model		: 58
model name	: Intel(R) Core(TM) i5-3317U CPU @ 1.70GHz
stepping	: 9
microcode	: 0x1c
cpu MHz		: 2399.963
cache size	: 3072 KB
physical id	: 0
siblings	: 4
core id		: 0
cpu cores	: 2
apicid		: 0
initial apicid	: 0
fpu		: yes
fpu_exception	: yes
cpuid level	: 13
wp		: yes
flags		: fpu vme de pse tsc msr pae mce cx8 apic sep mtrr pge mca cmov pat pse36 clflush dts acpi mmx fxsr sse sse2 ss ht tm pbe syscall nx rdtscp lm constant_tsc arch_perfmon pebs bts rep_good nopl xtopology nonstop_tsc cpuid aperfmperf pni pclmulqdq dtes64 monitor ds_cpl vmx est tm2 ssse3 cx16 xtpr pdcm pcid sse4_1 sse4_2 x2apic popcnt tsc_deadline_timer aes xsave avx f16c rdrand lahf_lm epb tpr_shadow vnmi flexpriority ept vpid fsgsbase smep erms xsaveopt dtherm ida arat pln pts
bugs		:
bogomips	: 3391.94
clflush size	: 64
cache_alignment	: 64
address sizes	: 36 bits physical, 48 bits virtual
power management:

processor	: 1
vendor_id	: GenuineIntel
cpu family	: 6
model		: 58
model name	: Intel(R) Core(TM) i5-3317U CPU @ 1.70GHz
stepping	: 9
microcode	: 0x1c
cpu MHz		: 2399.963
cache size	: 3072 KB
physical id	: 0
siblings	: 4
core id		: 0
cpu cores	: 2
apicid		: 1
initial apicid	: 1
fpu		: yes
fpu_exception	: yes
cpuid level	: 13
wp		: yes
flags		: fpu vme de pse tsc msr pae mce cx8 apic sep mtrr pge mca cmov pat pse36 clflush dts acpi mmx fxsr sse sse2 ss ht tm pbe syscall nx rdtscp lm constant_tsc arch_perfmon pebs bts rep_good nopl xtopology nonstop_tsc cpuid aperfmperf pni pclmulqdq dtes64 monitor ds_cpl vmx est tm2 ssse3 cx16 xtpr pdcm pcid sse4_1 sse4_2 x2apic popcnt tsc_deadline_timer aes xsave avx f16c rdrand lahf_lm epb tpr_shadow vnmi flexpriority ept vpid fsgsbase smep erms xsaveopt dtherm ida arat pln pts
bugs		:
bogomips	: 3398.12
clflush size	: 64
cache_alignment	: 64
address sizes	: 36 bits physical, 48 bits virtual
power management:

processor	: 2
vendor_id	: GenuineIntel
cpu family	: 6
model		: 58
model name	: Intel(R) Core(TM) i5-3317U CPU @ 1.70GHz
stepping	: 9
microcode	: 0x1c
cpu MHz		: 2362.609
cache size	: 3072 KB
physical id	: 0
siblings	: 4
core id		: 1
cpu cores	: 2
apicid		: 2
initial apicid	: 2
fpu		: yes
fpu_exception	: yes
cpuid level	: 13
wp		: yes
flags		: fpu vme de pse tsc msr pae mce cx8 apic sep mtrr pge mca cmov pat pse36 clflush dts acpi mmx fxsr sse sse2 ss ht tm pbe syscall nx rdtscp lm constant_tsc arch_perfmon pebs bts rep_good nopl xtopology nonstop_tsc cpuid aperfmperf pni pclmulqdq dtes64 monitor ds_cpl vmx est tm2 ssse3 cx16 xtpr pdcm pcid sse4_1 sse4_2 x2apic popcnt tsc_deadline_timer aes xsave avx f16c rdrand lahf_lm epb tpr_shadow vnmi flexpriority ept vpid fsgsbase smep erms xsaveopt dtherm ida arat pln pts
bugs		:
bogomips	: 3396.19
clflush size	: 64
cache_alignment	: 64
address sizes	: 36 bits physical, 48 bits virtual
power management:

processor	: 3
vendor_id	: GenuineIntel
cpu family	: 6
model		: 58
model name	: Intel(R) Core(TM) i5-3317U CPU @ 1.70GHz
stepping	: 9
microcode	: 0x1c
cpu MHz		: 2380.456
cache size	: 3072 KB
physical id	: 0
siblings	: 4
core id		: 1
cpu cores	: 2
apicid		: 3
initial apicid	: 3
fpu		: yes
fpu_exception	: yes
cpuid level	: 13
wp		: yes
flags		: fpu vme de pse tsc msr pae mce cx8 apic sep mtrr pge mca cmov pat pse36 clflush dts acpi mmx fxsr sse sse2 ss ht tm pbe syscall nx rdtscp lm constant_tsc arch_perfmon pebs bts rep_good nopl xtopology nonstop_tsc cpuid aperfmperf pni pclmulqdq dtes64 monitor ds_cpl vmx est tm2 ssse3 cx16 xtpr pdcm pcid sse4_1 sse4_2 x2apic popcnt tsc_deadline_timer aes xsave avx f16c rdrand lahf_lm epb tpr_shadow vnmi flexpriority ept vpid fsgsbase smep erms xsaveopt dtherm ida arat pln pts
bugs		:
bogomips	: 3396.23
clflush size	: 64
cache_alignment	: 64
address sizes	: 36 bits physical, 48 bits virtual
power management:



Memory: 4k page, physical 3858708k(84380k free), swap 2347004k(0k free)

vm_info: OpenJDK 64-Bit Server VM (25.141-b16) for linux-amd64 JRE (1.8.0_141-b16), built on Jul 21 2017 12:25:25 by "mockbuild" with gcc 7.1.1 20170622 (Red Hat 7.1.1-3)

time: Tue Aug  8 12:06:20 2017
elapsed time: 3 seconds (0d 0h 0m 3s)

